SF:lib\domain\time_manager.dart
DA:4,3
DA:5,9
DA:8,12
DA:9,9
DA:10,12
DA:11,12
DA:12,4
DA:14,3
DA:15,9
DA:17,1
DA:18,2
DA:21,3
DA:22,12
LF:13
LH:13
end_of_record
SF:lib\modules\timer\timer_controller.dart
DA:10,1
DA:12,1
DA:13,4
DA:16,1
DA:17,3
DA:18,4
DA:22,1
DA:23,2
DA:24,4
DA:27,1
DA:29,1
DA:30,1
LF:12
LH:12
end_of_record
SF:lib\modules\timer\timer_view.dart
DA:7,2
DA:9,1
DA:10,1
DA:16,1
DA:18,1
DA:19,1
DA:21,1
DA:22,1
DA:23,1
DA:24,1
DA:25,3
DA:30,1
DA:31,1
DA:32,2
DA:36,1
DA:37,1
DA:38,2
DA:47,1
DA:49,2
DA:50,1
LF:20
LH:20
end_of_record
SF:lib\domain\timer_manager.dart
DA:5,2
DA:18,2
DA:19,4
DA:22,0
DA:23,6
DA:24,2
DA:26,2
DA:27,2
DA:28,12
DA:31,1
DA:32,1
DA:33,6
DA:36,2
DA:37,2
DA:38,4
DA:40,2
DA:41,4
DA:44,2
DA:45,4
DA:46,6
DA:47,0
DA:51,2
DA:52,2
DA:54,2
DA:56,2
DA:57,2
DA:58,4
DA:59,0
DA:61,2
DA:62,2
LF:30
LH:27
end_of_record
